<?xml version="1.0" encoding="UTF-8"?>
<testsuite name="com.jobsity.domain.handler.ScoreHandlerTest" tests="1" skipped="0" failures="0" errors="0" timestamp="2023-12-29T17:52:55" hostname="Tiagos-MacBook-Air.local" time="0.0">
  <properties/>
  <testcase name="shouldSaveScoreCorrecly()" classname="com.jobsity.domain.handler.ScoreHandlerTest" time="0.0"/>
  <system-out><![CDATA[]]></system-out>
  <system-err><![CDATA[]]></system-err>
</testsuite>
