<?xml version="1.0" encoding="UTF-8"?>
<testsuite name="com.jobsity.domain.vo.RollScoreTest" tests="3" skipped="0" failures="0" errors="0" timestamp="2023-12-29T17:52:55" hostname="Tiagos-MacBook-Air.local" time="0.002">
  <properties/>
  <testcase name="shouldCreateRollScoreWithNumber()" classname="com.jobsity.domain.vo.RollScoreTest" time="0.0"/>
  <testcase name="shouldThrowExceptionWhenValueIsNotANumberORFailure()" classname="com.jobsity.domain.vo.RollScoreTest" time="0.001"/>
  <testcase name="shouldCreateRollScoreWithFailure()" classname="com.jobsity.domain.vo.RollScoreTest" time="0.0"/>
  <system-out><![CDATA[]]></system-out>
  <system-err><![CDATA[]]></system-err>
</testsuite>
